<?xml version="1.0" encoding="UTF-8"?>
<!-- Generated by org.testng.reporters.JUnitXMLReporter -->
<testsuite hostname="DESKTOP-FOM3TC5" ignored="0" name="Test POST /users, create a new user" tests="10" failures="2" timestamp="13 Dec 2017 07:20:22 GMT" time="0.928" errors="0">
  <testcase name="CreateNewUser" time="0.11" classname="APITest.tests.UsersTestPostValid"/>
  <testcase name="GetResponseStatus" time="0.0" classname="APITest.tests.UsersTestPostValid"/>
  <testcase name="AssertUserEmail" time="0.063" classname="APITest.tests.UsersTestPostValid">
    <failure type="java.lang.AssertionError" message="expected [true] but found [false]">
      <![CDATA[java.lang.AssertionError: expected [true] but found [false]at APITest.tests.UsersTestPostValid.AssertUserEmail(UsersTestPostValid.java:100)... Removed 29 stack frames]]>
    </failure>
  </testcase> <!-- AssertUserEmail -->
  <testcase name="AssertUserId" time="0.125" classname="APITest.tests.UsersTestPostValid"/>
  <testcase name="AssertCreatedDate" time="0.064" classname="APITest.tests.UsersTestPostValid">
    <failure type="java.lang.AssertionError" message="expected [true] but found [false]">
      <![CDATA[java.lang.AssertionError: expected [true] but found [false]at APITest.tests.UsersTestPostValid.AssertCreatedDate(UsersTestPostValid.java:163)... Removed 29 stack frames]]>
    </failure>
  </testcase> <!-- AssertCreatedDate -->
  <testcase name="AssertIsActive" time="0.047" classname="APITest.tests.UsersTestPostValid"/>
  <testcase name="AssertLastLogin" time="0.142" classname="APITest.tests.UsersTestPostValid"/>
  <testcase name="AssertUserFirstName" time="0.172" classname="APITest.tests.UsersTestPostValid"/>
  <testcase name="AssertUserLastName" time="0.172" classname="APITest.tests.UsersTestPostValid"/>
  <testcase name="GetResponseHeader" time="0.0" classname="APITest.tests.UsersTestPostValid"/>
</testsuite> <!-- Test POST /users, create a new user -->
