<?xml version="1.0" encoding="UTF-8"?>
<!-- Generated by org.testng.reporters.JUnitXMLReporter -->
<testsuite hostname="DESKTOP-FOM3TC5" ignored="0" name="Test GET user by Id" tests="5" failures="0" timestamp="12 Dec 2017 19:35:17 GMT" time="0.877" errors="0">
  <testcase name="GetRestAssured" time="0.0" classname="APITest.tests.UsersTestGetId"/>
  <testcase name="GetUsersStatusCode" time="0.345" classname="APITest.tests.UsersTestGetId"/>
  <testcase name="GetResponseBody" time="0.031" classname="APITest.tests.UsersTestGetId"/>
  <testcase name="GetResponseHeader" time="0.0" classname="APITest.tests.UsersTestGetId"/>
  <testcase name="GetAllUsers" time="0.486" classname="APITest.tests.UsersTestGetId"/>
</testsuite> <!-- Test GET user by Id -->
