<?xml version="1.0" encoding="UTF-8"?>
<!-- Generated by org.testng.reporters.JUnitXMLReporter -->
<testsuite hostname="DESKTOP-FOM3TC5" ignored="0" name="Test GET user by INVALID Id" tests="3" failures="1" timestamp="13 Dec 2017 07:20:22 GMT" time="0.094" errors="0">
  <testcase name="GetRestAssured" time="0.0" classname="APITest.tests.UsersTestGetInvalidId"/>
  <testcase name="GetInvalidUser" time="0.079" classname="APITest.tests.UsersTestGetInvalidId"/>
  <testcase name="GetResponseHeader" time="0.0" classname="APITest.tests.UsersTestGetInvalidId">
    <failure type="java.lang.AssertionError" message="expected [application/json; charset=utf-8] but found [text/html; charset=utf-8]">
      <![CDATA[java.lang.AssertionError: expected [application/json; charset=utf-8] but found [text/html; charset=utf-8]at APITest.tests.UsersTestGetInvalidId.GetResponseHeader(UsersTestGetInvalidId.java:76)... Removed 31 stack frames]]>
    </failure>
  </testcase> <!-- GetResponseHeader -->
</testsuite> <!-- Test GET user by INVALID Id -->
