<?xml version="1.0" encoding="UTF-8"?>
<!-- Generated by org.testng.reporters.JUnitXMLReporter -->
<testsuite hostname="DESKTOP-FOM3TC5" ignored="0" name="Test POST /users, create a new invalid user" tests="1" failures="1" timestamp="13 Dec 2017 07:20:23 GMT" time="0.11" errors="0">
  <testcase name="CreateEmptyUser" time="0.11" classname="APITest.tests.UsersTestPostInvalid">
    <failure type="java.lang.AssertionError" message="Correct status code returned expected [HTTP/1.1 400 Bad Request] but found [HTTP/1.1 201 Created]">
      <![CDATA[java.lang.AssertionError: Correct status code returned expected [HTTP/1.1 400 Bad Request] but found [HTTP/1.1 201 Created]at APITest.tests.UsersTestPostInvalid.GetResponseStatus(UsersTestPostInvalid.java:57)at APITest.tests.UsersTestPostInvalid.CreateEmptyUser(UsersTestPostInvalid.java:40)... Removed 30 stack frames]]>
    </failure>
  </testcase> <!-- CreateEmptyUser -->
</testsuite> <!-- Test POST /users, create a new invalid user -->
