<?xml version="1.0" encoding="UTF-8"?>
<!-- Generated by org.testng.reporters.JUnitXMLReporter -->
<testsuite hostname="DESKTOP-FOM3TC5" ignored="0" name="Test PUT, valid update" tests="8" failures="2" timestamp="13 Dec 2017 07:20:23 GMT" time="0.658" errors="0">
  <testcase name="UpdateUser" time="0.078" classname="APITest.tests.UsersTestPutValid"/>
  <testcase name="GetResponseStatus" time="0.0" classname="APITest.tests.UsersTestPutValid"/>
  <testcase name="GetRestAssured" time="0.016" classname="APITest.tests.UsersTestPutValid"/>
  <testcase name="GetUpdatedUser" time="0.078" classname="APITest.tests.UsersTestPutValid"/>
  <testcase name="AssertEmail" time="0.063" classname="APITest.tests.UsersTestPutValid">
    <failure type="java.lang.AssertionError" message="expected [true] but found [false]">
      <![CDATA[java.lang.AssertionError: expected [true] but found [false]at APITest.tests.UsersTestPutValid.AssertEmail(UsersTestPutValid.java:144)... Removed 29 stack frames]]>
    </failure>
  </testcase> <!-- AssertEmail -->
  <testcase name="AssertFname" time="0.188" classname="APITest.tests.UsersTestPutValid"/>
  <testcase name="AssertIsActive" time="0.078" classname="APITest.tests.UsersTestPutValid">
    <failure type="java.lang.AssertionError" message="expected [true] but found [false]">
      <![CDATA[java.lang.AssertionError: expected [true] but found [false]at APITest.tests.UsersTestPutValid.AssertIsActive(UsersTestPutValid.java:164)... Removed 29 stack frames]]>
    </failure>
  </testcase> <!-- AssertIsActive -->
  <testcase name="AssertLname" time="0.11" classname="APITest.tests.UsersTestPutValid"/>
</testsuite> <!-- Test PUT, valid update -->
