<?xml version="1.0" encoding="UTF-8"?>
<!-- Generated by org.testng.reporters.JUnitXMLReporter -->
<testsuite hostname="DESKTOP-FOM3TC5" ignored="0" name="Test GET user by VALID Id" tests="3" failures="0" timestamp="13 Dec 2017 07:20:21 GMT" time="2.026" errors="0">
  <testcase name="GetRestAssured" time="0.0" classname="APITest.tests.UsersTestGetValidId"/>
  <testcase name="AssertRetreivedUsers" time="2.01" classname="APITest.tests.UsersTestGetValidId"/>
  <testcase name="GetResponseHeader" time="0.0" classname="APITest.tests.UsersTestGetValidId"/>
</testsuite> <!-- Test GET user by VALID Id -->
